2017-03-05 16:39:58  [ main:0 ] - [ INFO ]  Refreshing org.springframework.context.support.ClassPathXmlApplicationContext@e1e567: startup date [Sun Mar 05 16:39:58 CST 2017]; root of context hierarchy
2017-03-05 16:39:58  [ main:67 ] - [ INFO ]  Loading XML bean definitions from class path resource [beans.xml]
2017-03-05 16:39:59  [ main:450 ] - [ INFO ]  Loading properties file from URL [file:/D:/YCWebsiteGitWork2/YcWebsite/YCWebsite/target/classes/db.properties]
2017-03-05 16:39:59  [ main:891 ] - [ DEBUG ]  Cache Hit Ratio [com.yc.mapper.ProjectsMapper]: 0.0
2017-03-05 16:40:00  [ main:1505 ] - [ DEBUG ]  ==>  Preparing: select p_id,p_name,p_pic,p_developer,p_time,p_addr from projects; 
2017-03-05 16:40:00  [ main:1536 ] - [ DEBUG ]  ==> Parameters: 
2017-03-05 16:40:00  [ main:1551 ] - [ DEBUG ]  <==      Total: 1
2017-03-05 20:39:27  [ main:0 ] - [ INFO ]  Refreshing org.springframework.context.support.ClassPathXmlApplicationContext@16a7c99: startup date [Sun Mar 05 20:39:27 CST 2017]; root of context hierarchy
2017-03-05 20:39:27  [ main:115 ] - [ INFO ]  Loading XML bean definitions from class path resource [beans.xml]
2017-03-05 20:39:28  [ main:733 ] - [ INFO ]  Loading properties file from URL [file:/D:/YCWebsiteGitWork2/YcWebsite/YCWebsite/target/classes/db.properties]
2017-03-05 20:39:28  [ main:1202 ] - [ WARN ]  Exception encountered during context initialization - cancelling refresh attempt: org.springframework.beans.factory.BeanCreationException: Error creating bean with name 'newsBizImpl': Injection of resource dependencies failed; nested exception is org.springframework.beans.factory.BeanCreationException: Error creating bean with name 'baseDaoMybatisImpl': Injection of resource dependencies failed; nested exception is org.springframework.beans.factory.BeanCreationException: Error creating bean with name 'sqlSessionFactory' defined in class path resource [beans.xml]: Invocation of init method failed; nested exception is org.springframework.core.NestedIOException: Failed to parse mapping resource: 'file [D:\YCWebsiteGitWork2\YcWebsite\YCWebsite\target\classes\com\yc\mapper\NewsMapper.xml]'; nested exception is org.apache.ibatis.builder.BuilderException: Error parsing Mapper XML. Cause: java.lang.IllegalStateException: No typehandler found for property n_time
2017-03-05 20:43:33  [ main:0 ] - [ INFO ]  Refreshing org.springframework.context.support.ClassPathXmlApplicationContext@16a7c99: startup date [Sun Mar 05 20:43:33 CST 2017]; root of context hierarchy
2017-03-05 20:43:33  [ main:93 ] - [ INFO ]  Loading XML bean definitions from class path resource [beans.xml]
2017-03-05 20:43:34  [ main:477 ] - [ INFO ]  Loading properties file from URL [file:/D:/YCWebsiteGitWork2/YcWebsite/YCWebsite/target/classes/db.properties]
2017-03-05 20:43:34  [ main:742 ] - [ WARN ]  Exception encountered during context initialization - cancelling refresh attempt: org.springframework.beans.factory.BeanCreationException: Error creating bean with name 'newsBizImpl': Injection of resource dependencies failed; nested exception is org.springframework.beans.factory.BeanCreationException: Error creating bean with name 'baseDaoMybatisImpl': Injection of resource dependencies failed; nested exception is org.springframework.beans.factory.BeanCreationException: Error creating bean with name 'sqlSessionFactory' defined in class path resource [beans.xml]: Invocation of init method failed; nested exception is org.springframework.core.NestedIOException: Failed to parse mapping resource: 'file [D:\YCWebsiteGitWork2\YcWebsite\YCWebsite\target\classes\com\yc\mapper\NewsMapper.xml]'; nested exception is org.apache.ibatis.builder.BuilderException: Error parsing Mapper XML. Cause: java.lang.IllegalStateException: No typehandler found for property n_time
2017-03-05 20:47:21  [ main:0 ] - [ INFO ]  Refreshing org.springframework.context.support.ClassPathXmlApplicationContext@16a7c99: startup date [Sun Mar 05 20:47:21 CST 2017]; root of context hierarchy
2017-03-05 20:47:21  [ main:55 ] - [ INFO ]  Loading XML bean definitions from class path resource [beans.xml]
2017-03-05 20:47:22  [ main:465 ] - [ INFO ]  Loading properties file from URL [file:/D:/YCWebsiteGitWork2/YcWebsite/YCWebsite/target/classes/db.properties]
2017-03-05 20:47:56  [ main:0 ] - [ INFO ]  Refreshing org.springframework.context.support.ClassPathXmlApplicationContext@16a7c99: startup date [Sun Mar 05 20:47:56 CST 2017]; root of context hierarchy
2017-03-05 20:47:56  [ main:48 ] - [ INFO ]  Loading XML bean definitions from class path resource [beans.xml]
2017-03-05 20:47:56  [ main:446 ] - [ INFO ]  Loading properties file from URL [file:/D:/YCWebsiteGitWork2/YcWebsite/YCWebsite/target/classes/db.properties]
2017-03-05 20:47:56  [ main:776 ] - [ WARN ]  Exception encountered during context initialization - cancelling refresh attempt: org.springframework.beans.factory.BeanCreationException: Error creating bean with name 'newsBizImpl': Injection of resource dependencies failed; nested exception is org.springframework.beans.factory.BeanCreationException: Error creating bean with name 'baseDaoMybatisImpl': Injection of resource dependencies failed; nested exception is org.springframework.beans.factory.BeanCreationException: Error creating bean with name 'sqlSessionFactory' defined in class path resource [beans.xml]: Invocation of init method failed; nested exception is org.springframework.core.NestedIOException: Failed to parse mapping resource: 'file [D:\YCWebsiteGitWork2\YcWebsite\YCWebsite\target\classes\com\yc\mapper\NewsMapper.xml]'; nested exception is org.apache.ibatis.builder.BuilderException: Error parsing Mapper XML. Cause: java.lang.IllegalStateException: No typehandler found for property n_time
2017-03-05 20:48:23  [ main:1 ] - [ INFO ]  Refreshing org.springframework.context.support.ClassPathXmlApplicationContext@16a7c99: startup date [Sun Mar 05 20:48:23 CST 2017]; root of context hierarchy
2017-03-05 20:48:23  [ main:44 ] - [ INFO ]  Loading XML bean definitions from class path resource [beans.xml]
2017-03-05 20:48:23  [ main:395 ] - [ INFO ]  Loading properties file from URL [file:/D:/YCWebsiteGitWork2/YcWebsite/YCWebsite/target/classes/db.properties]
2017-03-05 20:48:24  [ main:787 ] - [ DEBUG ]  Cache Hit Ratio [com.yc.mapper.NewsMapper]: 0.0
2017-03-05 20:48:24  [ main:1357 ] - [ DEBUG ]  ==>  Preparing: select n_id,n_title,n_content,n_click,n_sort,n_reportor from news 
2017-03-05 20:48:24  [ main:1386 ] - [ DEBUG ]  ==> Parameters: 
2017-03-05 20:48:24  [ main:1402 ] - [ DEBUG ]  <==      Total: 1
2017-03-05 20:54:07  [ main:0 ] - [ INFO ]  Refreshing org.springframework.context.support.ClassPathXmlApplicationContext@111c3f0: startup date [Sun Mar 05 20:54:07 CST 2017]; root of context hierarchy
2017-03-05 20:54:07  [ main:54 ] - [ INFO ]  Loading XML bean definitions from class path resource [beans.xml]
2017-03-05 20:54:08  [ main:450 ] - [ INFO ]  Loading properties file from URL [file:/D:/YCWebsiteGitWork2/YcWebsite/YCWebsite/target/classes/db.properties]
2017-03-05 20:54:08  [ main:845 ] - [ DEBUG ]  Cache Hit Ratio [com.yc.mapper.NewsMapper]: 0.0
2017-03-05 20:54:09  [ main:1382 ] - [ DEBUG ]  ==>  Preparing: select n_id,n_title,n_content,n_click,n_time,n_sort,n_reportor from news 
2017-03-05 20:54:09  [ main:1413 ] - [ DEBUG ]  ==> Parameters: 
2017-03-05 20:54:09  [ main:1427 ] - [ DEBUG ]  <==      Total: 1
